Grammar

    0 $accept: input $end

    1 input: /* empty */
    2      | input token

    3 token: ID
    4      | NUMCONST
    5      | CHARCONST
    6      | STRINGCONST
    7      | SYMBOL
    8      | ERROR


Terminals, with rules where they appear

$end (0) 0
error (256)
NUMCONST (258) 4
ID (259) 3
CHARCONST (260) 5
STRINGCONST (261) 6
SYMBOL (262) 7
ERROR (263) 8


Nonterminals, with rules where they appear

$accept (9)
    on left: 0
input (10)
    on left: 1 2, on right: 0 2
token (11)
    on left: 3 4 5 6 7 8, on right: 2


state 0

    0 $accept: . input $end

    $default  reduce using rule 1 (input)

    input  go to state 1


state 1

    0 $accept: input . $end
    2 input: input . token

    $end         shift, and go to state 2
    NUMCONST     shift, and go to state 3
    ID           shift, and go to state 4
    CHARCONST    shift, and go to state 5
    STRINGCONST  shift, and go to state 6
    SYMBOL       shift, and go to state 7
    ERROR        shift, and go to state 8

    token  go to state 9


state 2

    0 $accept: input $end .

    $default  accept


state 3

    4 token: NUMCONST .

    $default  reduce using rule 4 (token)


state 4

    3 token: ID .

    $default  reduce using rule 3 (token)


state 5

    5 token: CHARCONST .

    $default  reduce using rule 5 (token)


state 6

    6 token: STRINGCONST .

    $default  reduce using rule 6 (token)


state 7

    7 token: SYMBOL .

    $default  reduce using rule 7 (token)


state 8

    8 token: ERROR .

    $default  reduce using rule 8 (token)


state 9

    2 input: input token .

    $default  reduce using rule 2 (input)
